<?xml version="1.0" encoding="UTF-8"?>
<!-- Generated by org.testng.reporters.JUnitReportReporter -->
<testsuite skipped="0" hostname="Rajnis-MacBook-Air.local" name="com.crm.qa.testcases.HomePageTest" tests="3" failures="0" timestamp="14 Jun 2019 19:00:00 GMT" time="19.162" errors="0">
  <testcase name="HomePageTitleTest" time="4.844" classname="com.crm.qa.testcases.HomePageTest"/>
  <testcase name="SignOffButtonTest" time="4.855" classname="com.crm.qa.testcases.HomePageTest"/>
  <testcase name="ClickOnCruisesPageButtonTest" time="9.463" classname="com.crm.qa.testcases.HomePageTest"/>
</testsuite> <!-- com.crm.qa.testcases.HomePageTest -->
